[15:26:10] [ServerMain/INFO]: [bootstrap] Running Java 21 (OpenJDK 64-Bit Server VM 21.0.5+11-Ubuntu-1ubuntu120.04; Ubuntu null) on Linux 6.5.0-1025-azure (amd64)
[15:26:10] [ServerMain/INFO]: [bootstrap] Loading Paper 1.21.3-63-master@4190ee7 (2024-11-25T18:59:19Z) for Minecraft 1.21.3
[15:26:10] [ServerMain/INFO]: [PluginInitializerManager] Initializing plugins...
[15:26:10] [Paper Plugin Remapper Thread - 2/INFO]: [PluginRemapper] Remapping plugin 'plugins/AutoTreeChop-1.5.5.jar'...
[15:26:10] [Paper Plugin Remapper Thread - 3/INFO]: [PluginRemapper] Remapping plugin 'plugins/worldedit-bukkit-7.3.9.jar'...
[15:26:10] [Paper Plugin Remapper Thread - 0/INFO]: [PluginRemapper] Remapping plugin 'plugins/Origins-Reborn-2.4.6-all.jar'...
[15:26:12] [Paper Plugin Remapper Thread - 2/INFO]: [PluginRemapper] Done remapping plugin 'plugins/AutoTreeChop-1.5.5.jar' in 1742ms.
[15:26:12] [Paper Plugin Remapper Thread - 0/INFO]: [PluginRemapper] Done remapping plugin 'plugins/Origins-Reborn-2.4.6-all.jar' in 1703ms.
[15:26:13] [Paper Plugin Remapper Thread - 3/INFO]: [PluginRemapper] Done remapping plugin 'plugins/worldedit-bukkit-7.3.9.jar' in 2830ms.
[15:26:14] [ServerMain/INFO]: [PluginInitializerManager] Initialized 20 plugins
[15:26:14] [ServerMain/INFO]: [PluginInitializerManager] Paper plugins (1):
 - Veinminer-Enchantment (2.2.2)
[15:26:14] [ServerMain/INFO]: [PluginInitializerManager] Bukkit plugins (19):
 - AuraSkills (2.2.6), AutoTreeChop (1.5.5), Essentials (2.21.0-dev+150-e1091d8), EssentialsChat (2.21.0-dev+150-e1091d8), EssentialsProtect (2.21.0-dev+150-e1091d8), EssentialsSpawn (2.21.0-dev+150-e1091d8), FarmAssistReboot (1.4.7), Geyser-Recipe-Fix (1.5), Geyser-Spigot (2.5.1-SNAPSHOT), InstantRestock (2.4.6), LevelledMobs (4.1.4.1 b78), Origins-Reborn (2.4.6), TAB (5.0.3), TreeFeller (1.24.3), Veinminer (2.2.2), ViaBackwards (5.0.3), ViaVersion (5.2.0), WorldEdit (7.3.9+6959-7adf70b), floodgate (2.2.3-SNAPSHOT (b114-83fbd6e))
[15:26:18] [ServerMain/INFO]: Environment: Environment[sessionHost=https://sessionserver.mojang.com, servicesHost=https://api.minecraftservices.com, name=PROD]
[15:26:21] [ServerMain/INFO]: Loaded 1337 recipes
[15:26:21] [ServerMain/INFO]: Loaded 1448 advancements
[15:26:21] [Server thread/INFO]: Starting minecraft server version 1.21.3
[15:26:21] [Server thread/INFO]: Loading properties
[15:26:21] [Server thread/INFO]: This server is running Paper version 1.21.3-63-master@4190ee7 (2024-11-25T18:59:19Z) (Implementing API version 1.21.3-R0.1-SNAPSHOT)
[15:26:21] [Server thread/INFO]: [spark] This server bundles the spark profiler. For more information please visit https://docs.papermc.io/paper/profiling
[15:26:21] [Server thread/INFO]: Server Ping Player Sample Count: 12
[15:26:21] [Server thread/INFO]: Using 4 threads for Netty based IO
[15:26:21] [Server thread/INFO]: [MoonriseCommon] Paper is using 1 worker threads, 1 I/O threads
[15:26:21] [Server thread/INFO]: [ChunkTaskScheduler] Chunk system is using population gen parallelism: true
[15:26:22] [Server thread/INFO]: Default game type: SURVIVAL
[15:26:22] [Server thread/INFO]: Generating keypair
[15:26:22] [Server thread/INFO]: Starting Minecraft server on *:25565
[15:26:22] [Server thread/INFO]: Using epoll channel type
[15:26:22] [Server thread/INFO]: Paper: Using libdeflate (Linux x86_64) compression from Velocity.
[15:26:22] [Server thread/INFO]: Paper: Using OpenSSL 1.1.x (Linux x86_64) cipher from Velocity.
[15:26:22] [Server thread/ERROR]: [ModernPluginLoadingStrategy] Could not load 'plugins/.paper-remapped/Geyser-Recipe-Fix-1.5.jar' in 'plugins/.paper-remapped'
org.bukkit.plugin.UnknownDependencyException: Unknown/missing dependency plugins: [packetevents]. Please download and install these plugins to run 'Geyser-Recipe-Fix'.
	at io.papermc.paper.plugin.entrypoint.strategy.modern.ModernPluginLoadingStrategy.loadProviders(ModernPluginLoadingStrategy.java:82) ~[paper-1.21.3.jar:1.21.3-63-4190ee7]
	at io.papermc.paper.plugin.storage.SimpleProviderStorage.enter(SimpleProviderStorage.java:38) ~[paper-1.21.3.jar:1.21.3-63-4190ee7]
	at io.papermc.paper.plugin.entrypoint.LaunchEntryPointHandler.enter(LaunchEntryPointHandler.java:40) ~[paper-1.21.3.jar:1.21.3-63-4190ee7]
	at org.bukkit.craftbukkit.CraftServer.loadPlugins(CraftServer.java:561) ~[paper-1.21.3.jar:1.21.3-63-4190ee7]
	at net.minecraft.server.dedicated.DedicatedServer.initServer(DedicatedServer.java:289) ~[paper-1.21.3.jar:1.21.3-63-4190ee7]
	at net.minecraft.server.MinecraftServer.runServer(MinecraftServer.java:1234) ~[paper-1.21.3.jar:1.21.3-63-4190ee7]
	at net.minecraft.server.MinecraftServer.lambda$spin$0(MinecraftServer.java:340) ~[paper-1.21.3.jar:1.21.3-63-4190ee7]
	at java.base/java.lang.Thread.run(Thread.java:1583) ~[?:?]
[15:26:23] [Server thread/INFO]: [SpigotLibraryLoader] [Veinminer] Loading 4 libraries... please wait
[15:26:23] [Server thread/INFO]: [SpigotLibraryLoader] [Veinminer] Loaded library /workspaces/KeisuWold/servidor_minecraft/libraries/org/jetbrains/kotlin/kotlin-stdlib/2.1.0/kotlin-stdlib-2.1.0.jar
[15:26:23] [Server thread/INFO]: [SpigotLibraryLoader] [Veinminer] Loaded library /workspaces/KeisuWold/servidor_minecraft/libraries/org/jetbrains/annotations/13.0/annotations-13.0.jar
[15:26:23] [Server thread/INFO]: [SpigotLibraryLoader] [Veinminer] Loaded library /workspaces/KeisuWold/servidor_minecraft/libraries/org/jetbrains/kotlinx/kotlinx-serialization-json/1.7.3/kotlinx-serialization-json-1.7.3.jar
[15:26:23] [Server thread/INFO]: [SpigotLibraryLoader] [Veinminer] Loaded library /workspaces/KeisuWold/servidor_minecraft/libraries/org/jetbrains/kotlinx/kotlinx-serialization-json-jvm/1.7.3/kotlinx-serialization-json-jvm-1.7.3.jar
[15:26:23] [Server thread/INFO]: [SpigotLibraryLoader] [Veinminer] Loaded library /workspaces/KeisuWold/servidor_minecraft/libraries/org/jetbrains/kotlinx/kotlinx-serialization-core-jvm/1.7.3/kotlinx-serialization-core-jvm-1.7.3.jar
[15:26:23] [Server thread/INFO]: [SpigotLibraryLoader] [Veinminer] Loaded library /workspaces/KeisuWold/servidor_minecraft/libraries/org/jetbrains/kotlinx/kotlinx-coroutines-core/1.9.0/kotlinx-coroutines-core-1.9.0.jar
[15:26:23] [Server thread/INFO]: [SpigotLibraryLoader] [Veinminer] Loaded library /workspaces/KeisuWold/servidor_minecraft/libraries/org/jetbrains/kotlinx/kotlinx-coroutines-core-jvm/1.9.0/kotlinx-coroutines-core-jvm-1.9.0.jar
[15:26:23] [Server thread/INFO]: [SpigotLibraryLoader] [Veinminer] Loaded library /workspaces/KeisuWold/servidor_minecraft/libraries/de/miraculixx/kpaper/1.2.1/kpaper-1.2.1.jar
[15:26:23] [Server thread/INFO]: [SpigotLibraryLoader] [Veinminer] Loaded library /workspaces/KeisuWold/servidor_minecraft/libraries/org/jetbrains/kotlinx/kotlinx-coroutines-jdk8/1.7.1/kotlinx-coroutines-jdk8-1.7.1.jar
[15:26:23] [Server thread/INFO]: [SpigotLibraryLoader] [Veinminer] Loaded library /workspaces/KeisuWold/servidor_minecraft/libraries/org/jetbrains/kotlin/kotlin-stdlib-jdk8/1.8.22/kotlin-stdlib-jdk8-1.8.22.jar
[15:26:23] [Server thread/INFO]: [SpigotLibraryLoader] [Veinminer] Loaded library /workspaces/KeisuWold/servidor_minecraft/libraries/org/jetbrains/kotlin/kotlin-stdlib-jdk7/1.8.22/kotlin-stdlib-jdk7-1.8.22.jar
[15:26:24] [Server thread/INFO]: [floodgate] Loading server plugin floodgate v2.2.3-SNAPSHOT (b114-83fbd6e)
[15:26:24] [Server thread/WARN]: [floodgate] en_ is not a supported Floodgate language.
[15:26:24] [Server thread/INFO]: [floodgate] Took 817ms to boot Floodgate
[15:26:24] [Server thread/INFO]: [ViaVersion] Loading server plugin ViaVersion v5.2.0
[15:26:24] [Server thread/INFO]: [ViaVersion] ViaVersion 5.2.0 is now loaded. Registering protocol transformers and injecting...
[15:26:25] [Via-Mappingloader-0/INFO]: [ViaVersion] Loading block connection mappings ...
[15:26:25] [Via-Mappingloader-0/INFO]: [ViaVersion] Using FastUtil Long2ObjectOpenHashMap for block connections
[15:26:25] [Server thread/INFO]: [ViaBackwards] Loading translations...
[15:26:25] [Server thread/INFO]: [ViaBackwards] Registering protocols...
[15:26:26] [Server thread/ERROR]: [ViaVersion] Error initializing plugin 'ViaVersion-5.2.0.jar' in folder 'plugins' (Is it up to date?)
java.lang.NoSuchMethodError: 'void com.viaversion.viabackwards.protocol.v1_13_1to1_13.rewriter.ItemPacketRewriter1_13_1.registerLevelParticles(com.viaversion.viaversion.api.protocol.packet.ClientboundPacketType, com.viaversion.viaversion.api.type.Type)'
	at ViaBackwards-5.0.3.jar/com.viaversion.viabackwards.protocol.v1_13_1to1_13.rewriter.ItemPacketRewriter1_13_1.registerPackets(ItemPacketRewriter1_13_1.java:72) ~[ViaBackwards-5.0.3.jar:?]
	at ViaVersion-5.2.0.jar/com.viaversion.viaversion.api.rewriter.RewriterBase.register(RewriterBase.java:36) ~[ViaVersion-5.2.0.jar:?]
	at ViaVersion-5.2.0.jar/com.viaversion.viaversion.api.protocol.AbstractProtocol.callRegister(AbstractProtocol.java:236) ~[ViaVersion-5.2.0.jar:?]
	at ViaVersion-5.2.0.jar/com.viaversion.viaversion.api.protocol.AbstractProtocol.registerPackets(AbstractProtocol.java:220) ~[ViaVersion-5.2.0.jar:?]
	at ViaBackwards-5.0.3.jar/com.viaversion.viabackwards.api.BackwardsProtocol.registerPackets(BackwardsProtocol.java:49) ~[ViaBackwards-5.0.3.jar:?]
	at ViaBackwards-5.0.3.jar/com.viaversion.viabackwards.protocol.v1_13_1to1_13.Protocol1_13_1To1_13.registerPackets(Protocol1_13_1To1_13.java:62) ~[ViaBackwards-5.0.3.jar:?]
	at ViaVersion-5.2.0.jar/com.viaversion.viaversion.api.protocol.AbstractProtocol.initialize(AbstractProtocol.java:106) ~[ViaVersion-5.2.0.jar:?]
	at ViaVersion-5.2.0.jar/com.viaversion.viaversion.protocol.ProtocolManagerImpl.registerProtocol(ProtocolManagerImpl.java:209) ~[ViaVersion-5.2.0.jar:?]
	at ViaVersion-5.2.0.jar/com.viaversion.viaversion.protocol.ProtocolManagerImpl.registerProtocol(ProtocolManagerImpl.java:203) ~[ViaVersion-5.2.0.jar:?]
	at ViaBackwards-5.0.3.jar/com.viaversion.viabackwards.api.ViaBackwardsPlatform.init(ViaBackwardsPlatform.java:108) ~[ViaBackwards-5.0.3.jar:?]
	at ViaBackwards-5.0.3.jar/com.viaversion.viabackwards.BukkitPlugin.lambda$new$0(BukkitPlugin.java:38) ~[ViaBackwards-5.0.3.jar:?]
	at ViaVersion-5.2.0.jar/com.viaversion.viaversion.ViaManagerImpl.init(ViaManagerImpl.java:115) ~[ViaVersion-5.2.0.jar:?]
	at ViaVersion-5.2.0.jar/com.viaversion.viaversion.ViaVersionPlugin.onLoad(ViaVersionPlugin.java:85) ~[ViaVersion-5.2.0.jar:?]
	at io.papermc.paper.plugin.storage.ServerPluginProviderStorage.processProvided(ServerPluginProviderStorage.java:59) ~[paper-1.21.3.jar:1.21.3-63-4190ee7]
	at io.papermc.paper.plugin.storage.ServerPluginProviderStorage.processProvided(ServerPluginProviderStorage.java:18) ~[paper-1.21.3.jar:1.21.3-63-4190ee7]
	at io.papermc.paper.plugin.storage.SimpleProviderStorage.enter(SimpleProviderStorage.java:39) ~[paper-1.21.3.jar:1.21.3-63-4190ee7]
	at io.papermc.paper.plugin.entrypoint.LaunchEntryPointHandler.enter(LaunchEntryPointHandler.java:40) ~[paper-1.21.3.jar:1.21.3-63-4190ee7]
	at org.bukkit.craftbukkit.CraftServer.loadPlugins(CraftServer.java:561) ~[paper-1.21.3.jar:1.21.3-63-4190ee7]
	at net.minecraft.server.dedicated.DedicatedServer.initServer(DedicatedServer.java:289) ~[paper-1.21.3.jar:1.21.3-63-4190ee7]
	at net.minecraft.server.MinecraftServer.runServer(MinecraftServer.java:1234) ~[paper-1.21.3.jar:1.21.3-63-4190ee7]
	at net.minecraft.server.MinecraftServer.lambda$spin$0(MinecraftServer.java:340) ~[paper-1.21.3.jar:1.21.3-63-4190ee7]
	at java.base/java.lang.Thread.run(Thread.java:1583) ~[?:?]
[15:26:26] [Server thread/INFO]: [AuraSkills] Loading server plugin AuraSkills v2.2.6
[15:26:26] [Server thread/INFO]: [WorldEdit] Loading server plugin WorldEdit v7.3.9+6959-7adf70b
[15:26:26] [Server thread/INFO]: Got request to register class com.sk89q.worldedit.bukkit.BukkitServerInterface with WorldEdit [com.sk89q.worldedit.extension.platform.PlatformManager@2207b3bb]
[15:26:26] [Server thread/INFO]: [WorldEdit] Default configuration file written: config.yml
[15:26:26] [Server thread/INFO]: [Essentials] Loading server plugin Essentials v2.21.0-dev+150-e1091d8
[15:26:26] [Server thread/INFO]: [Geyser-Spigot] Loading server plugin Geyser-Spigot v2.5.1-SNAPSHOT
[15:26:27] [Server thread/INFO]: [Geyser-Spigot] Loading extensions...
[15:26:27] [Server thread/INFO]: [Geyser-Spigot] Loaded 0 extension(s)
[15:26:27] [Server thread/INFO]: [Veinminer] Loading server plugin Veinminer v2.2.2
[15:26:27] [Server thread/INFO]: [TreeFeller] Loading server plugin TreeFeller v1.24.3
[15:26:27] [Server thread/INFO]: [FarmAssistReboot] Loading server plugin FarmAssistReboot v1.4.7
[15:26:27] [Server thread/INFO]: [EssentialsChat] Loading server plugin EssentialsChat v2.21.0-dev+150-e1091d8
[15:26:27] [Server thread/INFO]: [LevelledMobs] Loading server plugin LevelledMobs v4.1.4.1 b78
[15:26:27] [Server thread/INFO]: [LevelledMobs] Loading commands
[15:26:27] [Server thread/INFO]: [TAB] Loading server plugin TAB v5.0.3
[15:26:27] [Server thread/INFO]: [Origins-Reborn] Loading server plugin Origins-Reborn v2.4.6
[15:26:27] [Server thread/INFO]: [EssentialsSpawn] Loading server plugin EssentialsSpawn v2.21.0-dev+150-e1091d8
[15:26:27] [Server thread/INFO]: [EssentialsProtect] Loading server plugin EssentialsProtect v2.21.0-dev+150-e1091d8
[15:26:27] [Server thread/INFO]: [InstantRestock] Loading server plugin InstantRestock v2.4.6
[15:26:27] [Server thread/INFO]: [AutoTreeChop] Loading server plugin AutoTreeChop v1.5.5
[15:26:27] [Server thread/INFO]: [Veinminer-Enchantment] Loading server plugin Veinminer-Enchantment v2.2.2
[15:26:27] [Server thread/INFO]: [ViaBackwards] Loading server plugin ViaBackwards v5.0.3
[15:26:27] [Server thread/INFO]: Server permissions file permissions.yml is empty, ignoring it
[15:26:27] [Server thread/INFO]: [WorldEdit] Enabling WorldEdit v7.3.9+6959-7adf70b
[15:26:27] [Server thread/INFO]: Registering commands with com.sk89q.worldedit.bukkit.BukkitServerInterface
[15:26:27] [Server thread/INFO]: WEPIF: Updated config file
[15:26:27] [Server thread/INFO]: WEPIF: Using the Bukkit Permissions API.
[15:26:28] [Server thread/INFO]: Using com.sk89q.worldedit.bukkit.adapter.impl.v1_21_3.PaperweightAdapter as the Bukkit adapter
[15:26:29] [Server thread/INFO]: [Veinminer] Enabling Veinminer v2.2.2
[15:26:29] [Server thread/INFO]: [Veinminer-Enchantment] Enabling Veinminer-Enchantment v2.2.2
[15:26:29] [Server thread/WARN]: **** SERVER IS RUNNING IN OFFLINE/INSECURE MODE!
[15:26:29] [Server thread/WARN]: The server will make no attempt to authenticate usernames. Beware.
[15:26:29] [Server thread/WARN]: While this makes the game possible to play without internet access, it also opens up the ability for hackers to connect with any username they choose.
[15:26:29] [Server thread/WARN]: To change this, set "online-mode" to "true" in the server.properties file.
[15:26:29] [Server thread/INFO]: Preparing level "KeisuWolrd"
[15:26:30] [DefaultDispatcher-worker-1/INFO]: [VeinminerUpdater] veinminer is up to date
[15:26:30] [DefaultDispatcher-worker-1/INFO]: [VeinminerUpdater] veinminer-enchantment is up to date
[15:26:30] [Server thread/INFO]: Preparing start region for dimension minecraft:overworld
[15:26:30] [Paper Common Worker #0/INFO]: [MCTypeRegistry] Initialising converters for DataConverter...
[15:26:31] [Paper Common Worker #0/INFO]: [MCTypeRegistry] Finished initialising converters for DataConverter in 379.0ms
[15:26:31] [Server thread/INFO]: Preparing spawn area: 0%
[15:26:31] [Server thread/INFO]: Preparing spawn area: 0%
[15:26:32] [Server thread/INFO]: Preparing spawn area: 0%
[15:26:32] [Server thread/WARN]: [ca.spottedleaf.moonrise.patches.chunk_system.level.entity.EntityLookup] Entity uuid already exists: 34356418-a481-4152-8228-b5896b1033b2, mapped to Salmon['Salmon'/16, uuid='34356418-a481-4152-8228-b5896b1033b2', l='ServerLevel[KeisuWolrd]', x=239.95, y=61.02, z=-28.92, cpos=[14, -2], tl=364, v=true], can't add Salmon['Salmon'/49, uuid='34356418-a481-4152-8228-b5896b1033b2', l='ServerLevel[KeisuWolrd]', x=240.00, y=61.01, z=-28.83, cpos=[15, -2], tl=362, v=false]
[15:26:32] [Server thread/INFO]: Time elapsed: 1350 ms
[15:26:32] [Server thread/INFO]: Preparing start region for dimension minecraft:the_nether
[15:26:32] [Server thread/INFO]: Preparing spawn area: 0%
[15:26:32] [Server thread/INFO]: Time elapsed: 230 ms
[15:26:32] [Server thread/INFO]: Preparing start region for dimension minecraft:the_end
[15:26:32] [Server thread/INFO]: Preparing spawn area: 0%
[15:26:32] [Server thread/INFO]: Time elapsed: 126 ms
[15:26:32] [Server thread/INFO]: [floodgate] Enabling floodgate v2.2.3-SNAPSHOT (b114-83fbd6e)
[15:26:32] [Server thread/INFO]: [ViaVersion] Enabling ViaVersion v5.2.0
[15:26:32] [Server thread/INFO]: [ViaVersion] ViaVersion detected server version: 1.21.2-1.21.3 (768)
[15:26:33] [Server thread/INFO]: [AuraSkills] Enabling AuraSkills v2.2.6
[15:26:34] [Server thread/INFO]: [AuraSkills] Loaded 21 message files
[15:26:34] [Server thread/INFO]: [AuraSkills] Loaded 150 config options in 18 ms
[15:26:34] [Server thread/INFO]: [NBTAPI] [NBTAPI] Found Minecraft: 1.21.3! Trying to find NMS support
[15:26:34] [Server thread/INFO]: [NBTAPI] [NBTAPI] NMS support 'MC1_21_R2' loaded!
[15:26:34] [Server thread/INFO]: [NBTAPI] [NBTAPI] Using the plugin 'AuraSkills' to create a bStats instance!
[15:26:34] [Server thread/INFO]: [AuraSkills] Loaded 3 blocked/disabled worlds
[15:26:34] [Server thread/INFO]: [AuraSkills] [ACF] Enabled Asynchronous Tab Completion Support!
[15:26:35] [Server thread/INFO]: [Essentials] Enabling Essentials v2.21.0-dev+150-e1091d8
[15:26:35] [Server thread/WARN]: [Essentials] Beginning Adventure locale file conversion.
[15:26:35] [Server thread/ERROR]: [Essentials] You are running an unsupported server version!
[15:26:35] [Server thread/INFO]: [Essentials] Creating config from template: plugins/Essentials/config.yml
[15:26:35] [Server thread/WARN]: [Essentials] Missing userdata folder, aborting
[15:26:35] [Server thread/INFO]: [Essentials] Creating config from template: plugins/Essentials/kits.yml
[15:26:35] [Server thread/INFO]: [Essentials] Attempting to convert old kits in config.yml to new kits.yml
[15:26:35] [Server thread/INFO]: [Essentials] No kits found to migrate.
[15:26:35] [Server thread/INFO]: [Essentials] Creating config from template: plugins/Essentials/tpr.yml
[15:26:35] [Server thread/INFO]: [Essentials] Starting Essentials ban format conversion
[15:26:35] [Server thread/INFO]: [Essentials] Attempting to migrate ignore list to UUIDs
[15:26:35] [Server thread/INFO]: [Essentials] Attempting to migrate legacy userdata keys to Configurate
[15:26:35] [Server thread/INFO]: [Essentials] Done converting random teleport config.
[15:26:35] [Server thread/INFO]: [Essentials] Creating config from template: plugins/Essentials/worth.yml
[15:26:35] [Server thread/INFO]: [Essentials] Loaded 43465 items from items.json.
[15:26:35] [Server thread/INFO]: [Essentials] Creating config from template: plugins/Essentials/custom_items.yml
[15:26:35] [Server thread/INFO]: [Essentials] Using locale en
[15:26:35] [Server thread/INFO]: [Essentials] ServerListPingEvent: Spigot iterator API
[15:26:35] [Server thread/INFO]: [Essentials] Starting Metrics. Opt-out using the global bStats config.
[15:26:35] [Server thread/INFO]: [Essentials] Using superperms-based permissions.
[15:26:35] [Server thread/INFO]: [Geyser-Spigot] Enabling Geyser-Spigot v2.5.1-SNAPSHOT
[15:26:36] [Server thread/INFO]: [TreeFeller] Enabling TreeFeller v1.24.3
[15:26:36] [Server thread/INFO]: [TreeFeller] TreeFeller has been enabled! (Version 1.24.3) by ThizThizzyDizzy
[15:26:36] [Server thread/INFO]: [TreeFeller] Server version: 1.21.3-R0.1-SNAPSHOT
[15:26:36] [Server thread/INFO]: [TreeFeller] Loaded global values:
[15:26:36] [Server thread/INFO]: [TreeFeller] - Startup Logs: true
[15:26:36] [Server thread/INFO]: [TreeFeller] - Default Enabled: true
[15:26:36] [Server thread/INFO]: [TreeFeller] - Scan Distance: 256
[15:26:36] [Server thread/INFO]: [TreeFeller] - Leaf Detect Range: 6
[15:26:36] [Server thread/INFO]: [TreeFeller] - Leaf Break Range: 6
[15:26:36] [Server thread/INFO]: [TreeFeller] - Required Logs: 4
[15:26:36] [Server thread/INFO]: [TreeFeller] - Required Leaves: 10
[15:26:36] [Server thread/INFO]: [TreeFeller] - Max Logs: 250
[15:26:36] [Server thread/INFO]: [TreeFeller] - Max Height: 5
[15:26:36] [Server thread/INFO]: [TreeFeller] - Allow Partial: false
[15:26:36] [Server thread/INFO]: [TreeFeller] - Allow Partial Tool: false
[15:26:36] [Server thread/INFO]: [TreeFeller] - Player Leaves: false
[15:26:36] [Server thread/INFO]: [TreeFeller] - Diagonal Leaves: false
[15:26:36] [Server thread/INFO]: [TreeFeller] - Ignore Leaf Data: false
[15:26:36] [Server thread/INFO]: [TreeFeller] - Require Cross Section: false
[15:26:36] [Server thread/INFO]: [TreeFeller] - Force Distance Check: false
[15:26:36] [Server thread/INFO]: [TreeFeller] - Decorations: [snow, vines, cocoa, weeping vines, moss]
[15:26:36] [Server thread/INFO]: [TreeFeller] - Max Horizontal Trunk Pillar Length: 6
[15:26:36] [Server thread/INFO]: [TreeFeller] - Min Vertical Log Ratio: 0.5
[15:26:36] [Server thread/INFO]: [TreeFeller] - Cutting Animation: false
[15:26:36] [Server thread/INFO]: [TreeFeller] - Anim Delay: 1
[15:26:36] [Server thread/INFO]: [TreeFeller] - Replant Saplings: false
[15:26:36] [Server thread/INFO]: [TreeFeller] - Use Tree Saplings: true
[15:26:36] [Server thread/INFO]: [TreeFeller] - Use Inventory Saplings: false
[15:26:36] [Server thread/INFO]: [TreeFeller] - Spawn Saplings: 0
[15:26:36] [Server thread/INFO]: [TreeFeller] - Sapling Timeout: 50
[15:26:36] [Server thread/INFO]: [TreeFeller] - Grass: [DIRT, GRASS_BLOCK, PODZOL]
[15:26:36] [Server thread/INFO]: [TreeFeller] - Root Distance: 6
[15:26:36] [Server thread/INFO]: [TreeFeller] - Log Behavior: BREAK
[15:26:36] [Server thread/INFO]: [TreeFeller] - Leaf Behavior: BREAK
[15:26:36] [Server thread/INFO]: [TreeFeller] - Fall Hurt Amount: 2.0
[15:26:36] [Server thread/INFO]: [TreeFeller] - Fall Hurt Max: 40
[15:26:36] [Server thread/INFO]: [TreeFeller] - Directional Fall Behavior: RANDOM
[15:26:36] [Server thread/INFO]: [TreeFeller] - Overridables: [AIR, CAVE_AIR, LARGE_FERN, FERN, SEAGRASS, TALL_SEAGRASS, WATER, TALL_GRASS]
[15:26:36] [Server thread/INFO]: [TreeFeller] - Lock Fall Cardinal: false
[15:26:36] [Server thread/INFO]: [TreeFeller] - Directional Fall Velocity: 0.35
[15:26:36] [Server thread/INFO]: [TreeFeller] - Vertical Fall Velocity: 0.05
[15:26:36] [Server thread/INFO]: [TreeFeller] - Explosive Fall Velocity: 0.0
[15:26:36] [Server thread/INFO]: [TreeFeller] - Random Fall Velocity: 0.0
[15:26:36] [Server thread/INFO]: [TreeFeller] - Fall Delay: 0
[15:26:36] [Server thread/INFO]: [TreeFeller] - Respect Unbreaking: true
[15:26:36] [Server thread/INFO]: [TreeFeller] - Respect Unbreakable: true
[15:26:36] [Server thread/INFO]: [TreeFeller] - Damage Mult: 1.0
[15:26:36] [Server thread/INFO]: [TreeFeller] - Stacked Tools: false
[15:26:36] [Server thread/INFO]: [TreeFeller] - Leaf Fortune: true
[15:26:36] [Server thread/INFO]: [TreeFeller] - Leaf Silk Touch: false
[15:26:36] [Server thread/INFO]: [TreeFeller] - Log Fortune: true
[15:26:36] [Server thread/INFO]: [TreeFeller] - Log Silk Touch: true
[15:26:36] [Server thread/INFO]: [TreeFeller] - Leave Stump: false
[15:26:36] [Server thread/INFO]: [TreeFeller] - Rotate Logs: true
[15:26:36] [Server thread/INFO]: [TreeFeller] - Drop Conversions: {OAK_WOOD=OAK_LOG, SPRUCE_WOOD=SPRUCE_LOG, ACACIA_WOOD=ACACIA_LOG, WARPED_HYPHAE=WARPED_STEM, BIRCH_WOOD=BIRCH_LOG, DARK_OAK_WOOD=DARK_OAK_LOG, JUNGLE_WOOD=JUNGLE_LOG, CRIMSON_HYPHAE=CRIMSON_STEM}
[15:26:36] [Server thread/INFO]: [TreeFeller] - Leaf Drop Chance: 1.0
[15:26:36] [Server thread/INFO]: [TreeFeller] - Log Drop Chance: 1.0
[15:26:36] [Server thread/INFO]: [TreeFeller] - Effects: []
[15:26:36] [Server thread/INFO]: [TreeFeller] - Consumed Food Base: 0.0
[15:26:36] [Server thread/INFO]: [TreeFeller] - Consumed Food Logs: 0.0
[15:26:36] [Server thread/INFO]: [TreeFeller] - Consumed Food Leaves: 0.0
[15:26:36] [Server thread/INFO]: [TreeFeller] - Consumed Health Base: 0.0
[15:26:36] [Server thread/INFO]: [TreeFeller] - Consumed Health Logs: 0.0
[15:26:36] [Server thread/INFO]: [TreeFeller] - Consumed Health Leaves: 0.0
[15:26:36] [Server thread/INFO]: [TreeFeller] - Prevent Breakage: false
[15:26:36] [Server thread/INFO]: [TreeFeller] - Enable Adventure: false
[15:26:36] [Server thread/INFO]: [TreeFeller] - Enable Survival: true
[15:26:36] [Server thread/INFO]: [TreeFeller] - Enable Creative: false
[15:26:36] [Server thread/INFO]: [TreeFeller] - With Sneak: false
[15:26:36] [Server thread/INFO]: [TreeFeller] - Without Sneak: true
[15:26:36] [Server thread/INFO]: [TreeFeller] - World Blacklist: false
[15:26:36] [Server thread/INFO]: [TreeFeller] - Cascade: false
[15:26:36] [Server thread/INFO]: [TreeFeller] - Parallel Cascade Limit: 1
[15:26:36] [Server thread/INFO]: [TreeFeller] - Cascade Check Limit: 64
[15:26:36] [Server thread/INFO]: [TreeFeller] - MMOCore Trunk XP: {woodcutting=1.0}
[15:26:36] [Server thread/INFO]: [TreeFeller] - MMOCore Leaves XP: {woodcutting=0.0}
[15:26:36] [Server thread/INFO]: [TreeFeller] - MMOCore Tree XP: {woodcutting=0.0}
[15:26:36] [Server thread/INFO]: [TreeFeller] - MMOCore Emulate Regen: false
[15:26:36] [Server thread/INFO]: [TreeFeller] - Compatibility MMOCore: true
[15:26:36] [Server thread/INFO]: [TreeFeller] - Compatibility Jobs: true
[15:26:36] [Server thread/INFO]: [TreeFeller] - MCMMO Double Drops: true
[15:26:36] [Server thread/INFO]: [TreeFeller] - Compatibility mcMMO: true
[15:26:36] [Server thread/INFO]: [TreeFeller] - Compatibility mcMMO Classic: true
[15:26:36] [Server thread/INFO]: [TreeFeller] - Compatibility CoreProtect: true
[15:26:36] [Server thread/INFO]: [TreeFeller] - Compatibility WorldGuard: true
[15:26:36] [Server thread/INFO]: [TreeFeller] - Compatibility GriefPrevention: true
[15:26:36] [Server thread/INFO]: [TreeFeller] - Compatibility Towny: true
[15:26:36] [Server thread/INFO]: [TreeFeller] - OreRegenerator Regen Delay: 1200
[15:26:36] [Server thread/INFO]: [TreeFeller] - Compatibility OreRegenerator: false
[15:26:36] [Server thread/INFO]: [TreeFeller] - Compatibility Drop2Inventory: true
[15:26:36] [Server thread/INFO]: [TreeFeller] - EcoSkills Trunk XP: {Woodcutting=1.0}
[15:26:36] [Server thread/INFO]: [TreeFeller] - EcoSkills Leaves XP: {woodcutting=0.0}
[15:26:36] [Server thread/INFO]: [TreeFeller] - EcoSkills Tree XP: {woodcutting=0.0}
[15:26:36] [Server thread/INFO]: [TreeFeller] - Compatibility EcoSkills: true
[15:26:36] [Server thread/INFO]: [TreeFeller] - EcoJobs Apply Multipliers: true
[15:26:36] [Server thread/INFO]: [TreeFeller] - Compatibility EcoJobs: true
[15:26:36] [Server thread/INFO]: [TreeFeller] - Compatibility LogBlock Legacy: false
[15:26:36] [Server thread/INFO]: [TreeFeller] - Compatibility LogBlock: true
[15:26:36] [Server thread/INFO]: [TreeFeller] - Compatibility Lands: true
[15:26:36] [Server thread/INFO]: [TreeFeller] - Compatibility PlaceholderAPI: true
[15:26:36] [Server thread/INFO]: [TreeFeller] - Compatibility SaberFactions: true
[15:26:36] [Server thread/INFO]: [TreeFeller] - AureliumSkills Trunk XP: {foraging=1.0}
[15:26:36] [Server thread/INFO]: [TreeFeller] - AureliumSkills Leaves XP: {foraging=0.0}
[15:26:36] [Server thread/INFO]: [TreeFeller] - AureliumSkills Apply Modifiers: true
[15:26:36] [Server thread/INFO]: [TreeFeller] - Compatibility AureliumSkills: true
[15:26:36] [Server thread/INFO]: [TreeFeller] - AuraSkills Trunk XP: {foraging=1.0}
[15:26:36] [Server thread/INFO]: [TreeFeller] - AuraSkills Leaves XP: {foraging=0.0}
[15:26:36] [Server thread/INFO]: [TreeFeller] - AuraSkills Apply Modifiers: true
[15:26:36] [Server thread/INFO]: [TreeFeller] - Compatibility AuraSkills: true
[15:26:36] [Server thread/INFO]: [TreeFeller] - Compatibility BlockRegen: false
[15:26:36] [Server thread/INFO]: [TreeFeller] - Compatibility Prism: true
[15:26:36] [Server thread/INFO]: [TreeFeller] Loaded Tree!
[15:26:36] [Server thread/INFO]: [TreeFeller] - Trunk: OAK_LOG, OAK_WOOD
[15:26:36] [Server thread/INFO]: [TreeFeller] - Leaves: OAK_LEAVES
[15:26:36] [Server thread/INFO]: [TreeFeller] - Sapling: [OAK_SAPLING]
[15:26:36] [Server thread/INFO]: [TreeFeller] - Max Saplings: 1
[15:26:36] [Server thread/INFO]: [TreeFeller] Loaded Tree!
[15:26:36] [Server thread/INFO]: [TreeFeller] - Trunk: BIRCH_LOG, BIRCH_WOOD
[15:26:36] [Server thread/INFO]: [TreeFeller] - Leaves: BIRCH_LEAVES
[15:26:36] [Server thread/INFO]: [TreeFeller] - Sapling: [BIRCH_SAPLING]
[15:26:36] [Server thread/INFO]: [TreeFeller] - Max Saplings: 1
[15:26:36] [Server thread/INFO]: [TreeFeller] Loaded Tree!
[15:26:36] [Server thread/INFO]: [TreeFeller] - Trunk: SPRUCE_LOG, SPRUCE_WOOD
[15:26:36] [Server thread/INFO]: [TreeFeller] - Leaves: SPRUCE_LEAVES
[15:26:36] [Server thread/INFO]: [TreeFeller] - Sapling: [SPRUCE_SAPLING]
[15:26:36] [Server thread/INFO]: [TreeFeller] - Max Saplings: 4
[15:26:36] [Server thread/INFO]: [TreeFeller] Loaded Tree!
[15:26:36] [Server thread/INFO]: [TreeFeller] - Trunk: JUNGLE_LOG, JUNGLE_WOOD
[15:26:36] [Server thread/INFO]: [TreeFeller] - Leaves: JUNGLE_LEAVES
[15:26:36] [Server thread/INFO]: [TreeFeller] - Sapling: [JUNGLE_SAPLING]
[15:26:36] [Server thread/INFO]: [TreeFeller] - Max Saplings: 4
[15:26:36] [Server thread/INFO]: [TreeFeller] Loaded Tree!
[15:26:36] [Server thread/INFO]: [TreeFeller] - Trunk: DARK_OAK_LOG, DARK_OAK_WOOD
[15:26:36] [Server thread/INFO]: [TreeFeller] - Leaves: DARK_OAK_LEAVES
[15:26:36] [Server thread/INFO]: [TreeFeller] - Sapling: [DARK_OAK_SAPLING]
[15:26:36] [Server thread/INFO]: [TreeFeller] - Max Saplings: 4
[15:26:36] [Server thread/INFO]: [TreeFeller] Loaded Tree!
[15:26:36] [Server thread/INFO]: [TreeFeller] - Trunk: ACACIA_LOG, ACACIA_WOOD
[15:26:36] [Server thread/INFO]: [TreeFeller] - Leaves: ACACIA_LEAVES
[15:26:36] [Server thread/INFO]: [TreeFeller] - Sapling: [ACACIA_SAPLING]
[15:26:36] [Server thread/INFO]: [TreeFeller] - Max Saplings: 1
[15:26:36] [Server thread/INFO]: [TreeFeller] Loaded Tree!
[15:26:36] [Server thread/INFO]: [TreeFeller] - Trunk: OAK_LOG, OAK_WOOD
[15:26:36] [Server thread/INFO]: [TreeFeller] - Leaves: AZALEA_LEAVES, FLOWERING_AZALEA_LEAVES
[15:26:36] [Server thread/INFO]: [TreeFeller] - Diagonal Leaves: true
[15:26:36] [Server thread/INFO]: [TreeFeller] - Sapling: [FLOWERING_AZALEA, AZALEA]
[15:26:36] [Server thread/INFO]: [TreeFeller] - Max Saplings: 1
[15:26:36] [Server thread/INFO]: [TreeFeller] Loaded Tree!
[15:26:36] [Server thread/INFO]: [TreeFeller] - Trunk: MANGROVE_LOG, MANGROVE_WOOD
[15:26:36] [Server thread/INFO]: [TreeFeller] - Leaves: MANGROVE_ROOTS, MANGROVE_LEAVES
[15:26:36] [Server thread/INFO]: [TreeFeller] - Leaf Detect Range: 16
[15:26:36] [Server thread/INFO]: [TreeFeller] - Leaf Break Range: 16
[15:26:36] [Server thread/INFO]: [TreeFeller] - Required Logs: 3
[15:26:36] [Server thread/INFO]: [TreeFeller] - Diagonal Leaves: true
[15:26:36] [Server thread/INFO]: [TreeFeller] - Max Horizontal Trunk Pillar Length: 16
[15:26:36] [Server thread/INFO]: [TreeFeller] - Max Trunks: 16
[15:26:36] [Server thread/INFO]: [TreeFeller] - Sapling: [MANGROVE_PROPAGULE]
[15:26:36] [Server thread/INFO]: [TreeFeller] - Max Saplings: 1
[15:26:36] [Server thread/INFO]: [TreeFeller] - Roots: [MANGROVE_ROOTS]
[15:26:36] [Server thread/INFO]: [TreeFeller] - Root Distance: 16
[15:26:36] [Server thread/INFO]: [TreeFeller] Loaded Tree!
[15:26:36] [Server thread/INFO]: [TreeFeller] - Trunk: CHERRY_LOG, CHERRY_WOOD
[15:26:36] [Server thread/INFO]: [TreeFeller] - Leaves: CHERRY_LEAVES
[15:26:36] [Server thread/INFO]: [TreeFeller] - Sapling: [CHERRY_SAPLING]
[15:26:36] [Server thread/INFO]: [TreeFeller] - Max Saplings: 1
[15:26:36] [Server thread/INFO]: [TreeFeller] Loaded Tree!
[15:26:36] [Server thread/INFO]: [TreeFeller] - Trunk: CRIMSON_STEM, CRIMSON_HYPHAE
[15:26:36] [Server thread/INFO]: [TreeFeller] - Leaves: NETHER_WART_BLOCK, SHROOMLIGHT
[15:26:36] [Server thread/INFO]: [TreeFeller] - Leaf Detect Range: 8
[15:26:36] [Server thread/INFO]: [TreeFeller] - Leaf Break Range: 8
[15:26:36] [Server thread/INFO]: [TreeFeller] - Diagonal Leaves: true
[15:26:36] [Server thread/INFO]: [TreeFeller] - Sapling: [CRIMSON_FUNGUS]
[15:26:36] [Server thread/INFO]: [TreeFeller] - Max Saplings: 1
[15:26:36] [Server thread/INFO]: [TreeFeller] - Grass: [CRIMSON_NYLIUM]
[15:26:36] [Server thread/INFO]: [TreeFeller] Loaded Tree!
[15:26:36] [Server thread/INFO]: [TreeFeller] - Trunk: WARPED_STEM, WARPED_HYPHAE
[15:26:36] [Server thread/INFO]: [TreeFeller] - Leaves: WARPED_WART_BLOCK, SHROOMLIGHT
[15:26:36] [Server thread/INFO]: [TreeFeller] - Leaf Detect Range: 8
[15:26:36] [Server thread/INFO]: [TreeFeller] - Leaf Break Range: 8
[15:26:36] [Server thread/INFO]: [TreeFeller] - Diagonal Leaves: true
[15:26:36] [Server thread/INFO]: [TreeFeller] - Sapling: [WARPED_FUNGUS]
[15:26:36] [Server thread/INFO]: [TreeFeller] - Max Saplings: 1
[15:26:36] [Server thread/INFO]: [TreeFeller] - Grass: [WARPED_NYLIUM]
[15:26:36] [Server thread/INFO]: [TreeFeller] Loaded tool: WOODEN_AXE
[15:26:36] [Server thread/INFO]: [TreeFeller] Loaded tool: STONE_AXE
[15:26:36] [Server thread/INFO]: [TreeFeller] Loaded tool: IRON_AXE
[15:26:36] [Server thread/INFO]: [TreeFeller] Loaded tool: GOLDEN_AXE
[15:26:36] [Server thread/INFO]: [TreeFeller] Loaded tool: DIAMOND_AXE
[15:26:36] [Server thread/INFO]: [TreeFeller] Loaded tool: NETHERITE_AXE
[15:26:36] [Server thread/INFO]: [FarmAssistReboot] Enabling FarmAssistReboot v1.4.7
[15:26:36] [Server thread/INFO]: [FarmAssistReboot] [ACF] Enabled Asynchronous Tab Completion Support!
[15:26:36] [Server thread/INFO]: [EssentialsChat] Enabling EssentialsChat v2.21.0-dev+150-e1091d8
[15:26:36] [Server thread/INFO]: [EssentialsChat] Starting Metrics. Opt-out using the global bStats config.
[15:26:36] [Server thread/INFO]: [LevelledMobs] Enabling LevelledMobs v4.1.4.1 b78
[15:26:36] [Server thread/INFO]: [LevelledMobs] Enabling commands
[15:26:36] [Server thread/INFO]: [LevelledMobs] Using NMS version 1.21.3 for nametag support
[15:26:36] [Server thread/INFO]: [LevelledMobs] File Loader: Loading files...
[15:26:36] [Server thread/INFO]: [LevelledMobs] File Loader: Loading file 'settings.yml'...
[15:26:36] [Server thread/INFO]: [LevelledMobs] File Loader: Loading file 'messages.yml'...
[15:26:36] [Server thread/INFO]: [LevelledMobs] File Loader: Loading file 'externalplugins.yml'...
[15:26:36] [Server thread/INFO]: [LevelledMobs] File Loader: Loading file 'rules.yml'...
[15:26:36] [Server thread/INFO]: [LevelledMobs] Current rules hash: 9b0f48e3273bb9cc29d2891ad33fb3410fec8cf1e77c2092ff670fd38f6d4ff5
[15:26:36] [Server thread/INFO]: [LevelledMobs] File Loader: Loading file 'customdrops.yml'...
[15:26:36] [Server thread/INFO]: [LevelledMobs] Listeners: Registering event listeners...
[15:26:36] [Server thread/INFO]: [LevelledMobs] Running misc procedures
[15:26:36] [Server thread/INFO]: [LevelledMobs] Tasks: Starting async nametag auto update task...
[15:26:37] [Server thread/INFO]: [LevelledMobs] Start-up complete (took 252ms)
[15:26:37] [Server thread/INFO]: [TAB] Enabling TAB v5.0.3
[15:26:37] [Server thread/INFO]: [TAB] Loaded NMS hook in 40ms
[15:26:37] [Server thread/INFO]: [TAB] Enabled in 320ms
[15:26:37] [Server thread/INFO]: [Origins-Reborn] Enabling Origins-Reborn v2.4.6
[15:26:37] [Server thread/INFO]: [EssentialsSpawn] Enabling EssentialsSpawn v2.21.0-dev+150-e1091d8
[15:26:37] [Server thread/INFO]: [EssentialsSpawn] Starting Metrics. Opt-out using the global bStats config.
[15:26:37] [Server thread/INFO]: [EssentialsProtect] Enabling EssentialsProtect v2.21.0-dev+150-e1091d8
[15:26:37] [Server thread/INFO]: [EssentialsProtect] Continuing to enable Protect.
[15:26:37] [Server thread/INFO]: [EssentialsProtect] Starting Metrics. Opt-out using the global bStats config.
[15:26:37] [Server thread/INFO]: [InstantRestock] Enabling InstantRestock v2.4.6
[15:26:37] [Server thread/INFO]: [AutoTreeChop] Enabling AutoTreeChop v1.5.5
[15:26:38] [Server thread/WARN]: [AutoTreeChop] PlaceholderAPI not found. Placeholder expansion for AutoTreeChop will not work.
[15:26:38] [Server thread/INFO]: [ViaBackwards] Enabling ViaBackwards v5.0.3
[15:26:38] [Server thread/INFO]: [spark] Starting background profiler...
[15:26:38] [Server thread/INFO]: [Geyser-Spigot] ******************************************
[15:26:38] [Server thread/INFO]: [Geyser-Spigot] 
[15:26:38] [Server thread/INFO]: [Geyser-Spigot] Loading Geyser version 2.5.1-b727 (git-master-1fea22d)
[15:26:38] [Server thread/INFO]: [Geyser-Spigot] 
[15:26:38] [Server thread/INFO]: [Geyser-Spigot] ******************************************
[15:26:41] [epollEventLoopGroup-3-2/INFO]: [Geyser-Spigot] Started Geyser on UDP port 2043
[15:26:41] [Server thread/INFO]: [Geyser-Spigot] Done (2.573s)! Run /geyser help for help!
[15:26:41] [Server thread/INFO]: Done preparing level "KeisuWolrd" (11.544s)
[15:26:41] [Server thread/INFO]: Running delayed init tasks
[15:26:41] [Craft Scheduler Thread - 2 - ViaVersion/INFO]: [ViaVersion] Finished mapping loading, shutting down loader executor.
[15:26:41] [Craft Scheduler Thread - 1 - Essentials/INFO]: [Essentials] Fetching version information...
[15:26:41] [Craft Scheduler Thread - 4 - FarmAssistReboot/INFO]: [FarmAssistReboot] You are running the latest version: 1.4.7
[15:26:41] [Server thread/INFO]: [AuraSkills] Loaded 11 skills with 312 total sources
[15:26:41] [Server thread/INFO]: [AuraSkills] Loaded 9 stats and 17 traits
[15:26:41] [Server thread/INFO]: [AuraSkills] Loaded 22 pattern rewards and 0 level rewards
[15:26:41] [Server thread/INFO]: [AuraSkills] Loaded 53 loot entries in 4 pools and 2 tables
[15:26:42] [Server thread/INFO]: Environment: Environment[sessionHost=https://sessionserver.mojang.com, servicesHost=https://api.minecraftservices.com, name=PROD]
[15:26:42] [Server thread/INFO]: [AuraSkills] Loaded 6 menus
[15:26:42] [Server thread/INFO]: Done (33.219s)! For help, type "help"
[15:27:14] [User Authenticator #0/INFO]: UUID of player NoobUser1624 is 71a15b83-c353-3f5e-bf2b-9857c14a6cb6
[15:27:15] [TAB Processing Thread/INFO]: [TAB] [WARN] Player NoobUser1624's group (none) is not in sorting list! Sorting list: owner,admin,mod,helper,builder,vip,default. Player will be sorted on the bottom.
[15:27:15] [Server thread/INFO]: NoobUser1624 joined the game
[15:27:15] [Server thread/INFO]: NoobUser1624[/127.191.125.190:59545] logged in with entity id 70 at ([KeisuWolrd]197.41233171386918, 72.0, -0.03425118430535468)
[15:27:16] [Server thread/WARN]: [Essentials] File motd.txt does not exist. Creating one for you.
[15:27:22] [epollEventLoopGroup-4-1/INFO]: [Geyser-Spigot] Player connected with username NoobUser1624
[15:27:22] [localSession-7-2/INFO]: [Geyser-Spigot] NoobUser1624 (logged in as: NoobUser1624) has connected to the Java server
[15:27:23] [Server thread/INFO]: [floodgate] Floodgate player logged in as .NoobUser1624 joined (UUID: 00000000-0000-0000-0009-01fc582188ae)
[15:27:23] [TAB Processing Thread/INFO]: [TAB] [WARN] Player .NoobUser1624's group (none) is not in sorting list! Sorting list: owner,admin,mod,helper,builder,vip,default. Player will be sorted on the bottom.
[15:27:23] [Server thread/INFO]: .NoobUser1624 joined the game
[15:27:23] [Server thread/INFO]: .NoobUser1624[/127.0.0.1:0] logged in with entity id 296 at ([KeisuWolrd]198.5, 71.9375, 1.5)
[15:27:58] [Server thread/WARN]: .NoobUser1624 moved wrongly!
[15:28:32] [Server thread/INFO]: .NoobUser1624 didn't manage to keep wet
[15:29:10] [Server thread/INFO]: .NoobUser1624 issued server command: /origin
[15:29:19] [Server thread/INFO]: NoobUser1624 issued server command: /origins-reborn:origin
[15:29:25] [Server thread/INFO]: .NoobUser1624 didn't manage to keep wet
[15:29:31] [Server thread/INFO]: NoobUser1624 issued server command: /origin reload
[15:29:52] [Server thread/INFO]: NoobUser1624 issued server command: /origin set .NoobUser1624 origin human
[15:32:18] [Server thread/INFO]: .NoobUser1624 was slain by Lvl 3 | Zombie
[15:45:13] [Server thread/INFO]: NoobUser1624 lost connection: Disconnected
[15:45:13] [Server thread/INFO]: NoobUser1624 left the game
[15:45:20] [User Authenticator #1/INFO]: UUID of player NoobUser1624 is 71a15b83-c353-3f5e-bf2b-9857c14a6cb6
[15:45:22] [TAB Processing Thread/INFO]: [TAB] [WARN] Player NoobUser1624's group (none) is not in sorting list! Sorting list: owner,admin,mod,helper,builder,vip,default. Player will be sorted on the bottom.
[15:45:22] [Server thread/INFO]: NoobUser1624 joined the game
[15:45:22] [Server thread/INFO]: NoobUser1624[/127.191.125.190:45103] logged in with entity id 2012 at ([KeisuWolrd]200.16639557045738, 71.0, -2.007692003382925)
[15:45:41] [Server thread/INFO]: NoobUser1624 issued server command: /essentials reload
[15:45:41] [Server thread/INFO]: [Essentials] Loaded 43468 items from items.json.
[15:45:41] [Server thread/INFO]: [Essentials] Using locale en
[15:45:41] [Server thread/INFO]: [Essentials] ServerListPingEvent: Spigot iterator API
[15:45:43] [Server thread/INFO]: NoobUser1624 lost connection: Disconnected
[15:45:43] [Server thread/INFO]:  Nos vemos...
[15:45:47] [User Authenticator #1/INFO]: UUID of player NoobUser1624 is 71a15b83-c353-3f5e-bf2b-9857c14a6cb6
[15:45:49] [TAB Processing Thread/INFO]: [TAB] [WARN] Player NoobUser1624's group (none) is not in sorting list! Sorting list: owner,admin,mod,helper,builder,vip,default. Player will be sorted on the bottom.
[15:45:49] [Server thread/INFO]: NoobUser1624[/127.191.125.190:33607] logged in with entity id 2051 at ([KeisuWolrd]199.83216391305135, 71.0, -2.5540431393285967)
[15:45:49] [Server thread/INFO]:  Bienvenido... 
[15:47:11] [Server thread/INFO]: NoobUser1624 issued server command: /essentials reload
[15:47:11] [Server thread/INFO]: [Essentials] Loaded 43468 items from items.json.
[15:47:11] [Server thread/INFO]: [Essentials] Using locale en
[15:47:11] [Server thread/INFO]: [Essentials] ServerListPingEvent: Spigot iterator API
[15:47:15] [Server thread/INFO]: NoobUser1624 lost connection: Disconnected
[15:47:15] [Server thread/INFO]:  Nos vemos...
[15:47:21] [User Authenticator #2/INFO]: UUID of player NoobUser1624 is 71a15b83-c353-3f5e-bf2b-9857c14a6cb6
[15:47:22] [TAB Processing Thread/INFO]: [TAB] [WARN] Player NoobUser1624's group (none) is not in sorting list! Sorting list: owner,admin,mod,helper,builder,vip,default. Player will be sorted on the bottom.
[15:47:22] [Server thread/INFO]: NoobUser1624[/127.191.125.190:33981] logged in with entity id 2210 at ([KeisuWolrd]199.83216391305135, 71.0, -2.5540431393285967)
[15:47:23] [Server thread/INFO]:  Bienvenido... 
[15:50:13] [localSession-7-2/INFO]: [Geyser-Spigot] NoobUser1624 has disconnected from the Java server because of Bedrock client disconnected
[15:50:13] [Geyser Spigot connection thread-6-3/INFO]: [floodgate] Floodgate player logged in as .NoobUser1624 disconnected
[15:50:13] [Server thread/INFO]: .NoobUser1624 lost connection: Disconnected
[15:50:13] [Server thread/INFO]:  Nos vemos...
[15:52:20] [Server thread/INFO]: NoobUser1624 issued server command: /essentials reload
[15:52:21] [Server thread/INFO]: [Essentials] Loaded 43468 items from items.json.
[15:52:21] [Server thread/INFO]: [Essentials] Using locale en
[15:52:21] [Server thread/INFO]: [Essentials] ServerListPingEvent: Spigot iterator API
[15:52:34] [epollEventLoopGroup-4-2/INFO]: [Geyser-Spigot] Player connected with username NoobUser1624
[15:52:34] [localSession-7-3/INFO]: [Geyser-Spigot] NoobUser1624 (logged in as: NoobUser1624) has connected to the Java server
[15:52:34] [Server thread/INFO]: [floodgate] Floodgate player logged in as .NoobUser1624 joined (UUID: 00000000-0000-0000-0009-01fc582188ae)
[15:52:34] [TAB Processing Thread/INFO]: [TAB] [WARN] Player .NoobUser1624's group (none) is not in sorting list! Sorting list: owner,admin,mod,helper,builder,vip,default. Player will be sorted on the bottom.
[15:52:34] [Server thread/INFO]: .NoobUser1624[/127.0.0.1:0] logged in with entity id 2712 at ([KeisuWolrd]206.30001, 67.0, 8.941214)
[15:52:34] [Server thread/INFO]:  Bienvenido... {DISPLAYNAME} Al Mundo ! 
[15:53:13] [Server thread/INFO]: NoobUser1624 issued server command: /essentials reload
[15:53:13] [Server thread/INFO]: [Essentials] Loaded 43468 items from items.json.
[15:53:13] [Server thread/INFO]: [Essentials] Using locale en
[15:53:13] [Server thread/INFO]: [Essentials] ServerListPingEvent: Spigot iterator API
[15:53:22] [Geyser Spigot connection thread-6-4/INFO]: [floodgate] Floodgate player logged in as .NoobUser1624 disconnected
[15:53:22] [localSession-7-3/INFO]: [Geyser-Spigot] NoobUser1624 has disconnected from the Java server because of Bedrock client disconnected
[15:53:22] [Server thread/INFO]: .NoobUser1624 lost connection: Disconnected
[15:53:22] [Server thread/INFO]:  Nos vemos... .NoobUser1624
[15:53:43] [epollEventLoopGroup-4-3/INFO]: [Geyser-Spigot] Player connected with username NoobUser1624
[15:53:43] [localSession-7-4/INFO]: [Geyser-Spigot] NoobUser1624 (logged in as: NoobUser1624) has connected to the Java server
[15:53:43] [Server thread/INFO]: [floodgate] Floodgate player logged in as .NoobUser1624 joined (UUID: 00000000-0000-0000-0009-01fc582188ae)
[15:53:43] [TAB Processing Thread/INFO]: [TAB] [WARN] Player .NoobUser1624's group (none) is not in sorting list! Sorting list: owner,admin,mod,helper,builder,vip,default. Player will be sorted on the bottom.
[15:53:43] [Server thread/INFO]: .NoobUser1624[/127.0.0.1:0] logged in with entity id 2822 at ([KeisuWolrd]198.0, 71.0, 1.0)
[15:53:43] [Server thread/INFO]:  Bienvenido... .NoobUser1624 Al Mundo ! 
[15:53:51] [Server thread/WARN]: .NoobUser1624 moved wrongly!
[15:53:56] [Server thread/INFO]: .NoobUser1624 was slain by Lvl 7 | Zombie
[15:54:40] [Server thread/INFO]: NoobUser1624 issued server command: /kitcreate NoobUser1624 NoobUser1624
[15:54:52] [Server thread/INFO]: NoobUser1624 issued server command: /kitcreate
[15:55:27] [Server thread/INFO]: Villager Villager['Villager'/103, uuid='257499df-115a-48f5-9fe8-c89f5130c94b', l='ServerLevel[KeisuWolrd]', x=252.51, y=76.00, z=12.30, cpos=[15, 0], tl=99884, v=true] died, message: 'Villager was slain by Zombie'
[15:55:32] [Server thread/INFO]: NoobUser1624 issued server command: /kitcreate Inicio 5
[15:55:47] [Server thread/INFO]: NoobUser1624 issued server command: /kitpreview inicio
[15:56:30] [Server thread/INFO]: NoobUser1624 has made the advancement [Isn't It Iron Pick]
[15:57:37] [Server thread/INFO]: NoobUser1624 issued server command: /kitcreate Inicio 5
[15:57:43] [Server thread/INFO]: NoobUser1624 issued server command: /kitpreview inicio
[15:58:00] [Server thread/INFO]: NoobUser1624 issued server command: /kits inicio
[15:58:53] [Server thread/INFO]: NoobUser1624 issued server command: /kits inicio .NoobUser1624
[15:58:53] [Server thread/INFO]: .NoobUser1624 has made the advancement [Isn't It Iron Pick]
[15:59:27] [Server thread/INFO]: .NoobUser1624 was slain by Lvl 6 | Zombie
[15:59:46] [Server thread/INFO]: .NoobUser1624 was slain by Lvl 6 | Zombie
[16:00:59] [Geyser Spigot connection thread-6-1/INFO]: [floodgate] Floodgate player logged in as .NoobUser1624 disconnected
[16:00:59] [localSession-7-4/INFO]: [Geyser-Spigot] NoobUser1624 has disconnected from the Java server because of Bedrock client disconnected
[16:00:59] [Server thread/INFO]: .NoobUser1624 lost connection: Disconnected
[16:00:59] [Server thread/INFO]:  Nos vemos... .NoobUser1624
[16:01:21] [Server thread/INFO]: [org.milkteamc.autotreechop.libs.hikari.HikariDataSource] HikariPool-1 - Starting...
[16:01:21] [Server thread/INFO]: [org.milkteamc.autotreechop.libs.hikari.HikariDataSource] HikariPool-1 - Start completed.
[16:01:47] [Server thread/INFO]: NoobUser1624 issued server command: //cyl cobblestone 2 2
[16:01:54] [Server thread/INFO]: NoobUser1624 has made the advancement [Stone Age]
[16:02:09] [Server thread/INFO]: NoobUser1624 issued server command: //undo
[16:02:15] [Server thread/INFO]: NoobUser1624 issued server command: //cyl cobblestone 5 1
[16:02:28] [Server thread/INFO]: NoobUser1624 issued server command: //undo
[16:02:35] [Server thread/INFO]: NoobUser1624 issued server command: //hcyl cobblestone 5 1
[16:02:41] [Server thread/INFO]: NoobUser1624 issued server command: //hcyl cobblestone 5 5
[16:02:50] [Server thread/INFO]: NoobUser1624 issued server command: //cyl cobblestone 5 1
